<?xml version="1.0" encoding="UTF-8" ?>
<testsuite tests="14" failures="0" name="com.cloudsrcsoft.beans.EmpTest" time="0.286" errors="0" skipped="0">
  <properties>
[...]
</properties>
  <testcase classname="com.cloudsrcsoft.beans.EmpTest" name="testSetNombres" time="0.019"/>
  <testcase classname="com.cloudsrcsoft.beans.EmpTest" name="testGetId" time="0.001"/>
  <testcase classname="com.cloudsrcsoft.beans.EmpTest" name="testGetApellido" time="0.001"/>
  <testcase classname="com.cloudsrcsoft.beans.EmpTest" name="testSetId" time="0"/>
  <testcase classname="com.cloudsrcsoft.beans.EmpTest" name="testGetNombres" time="0"/>
  <testcase classname="com.cloudsrcsoft.beans.EmpTest" name="testSetApellido" time="0.001"/>
  <testcase classname="com.cloudsrcsoft.beans.EmpTest" name="testGetCorreo" time="0"/>
  <testcase classname="com.cloudsrcsoft.beans.EmpTest" name="testSetCorreo" time="0"/>
  <testcase classname="com.cloudsrcsoft.beans.EmpTest" name="testGetDireccion" time="0"/>
  <testcase classname="com.cloudsrcsoft.beans.EmpTest" name="testSetDireccion" time="0"/>
  <testcase classname="com.cloudsrcsoft.beans.EmpTest" name="testGetTipodoc" time="0"/>
  <testcase classname="com.cloudsrcsoft.beans.EmpTest" name="testSetTipodoc" time="0"/>
  <testcase classname="com.cloudsrcsoft.beans.EmpTest" name="testGetDocumento" time="0.001"/>
  <testcase classname="com.cloudsrcsoft.beans.EmpTest" name="testSetDocumento" time="0"/>
</testsuite>